{"C:\\Repositories\\social-media-backend\\src\\config\\env.ts": {"path":"C:\\Repositories\\social-media-backend\\src\\config\\env.ts","statementMap":{"0":{"start":{"line":1,"column":0},"end":{"line":1,"column":28}},"1":{"start":{"line":3,"column":0},"end":{"line":3,"column":16}},"2":{"start":{"line":5,"column":13},"end":{"line":46,"column":2}},"3":{"start":{"line":30,"column":19},"end":{"line":30,"column":30}},"4":{"start":{"line":31,"column":22},"end":{"line":31,"column":26}}},"fnMap":{"0":{"name":"(anonymous_1)","decl":{"start":{"line":30,"column":9},"end":{"line":30,"column":10}},"loc":{"start":{"line":30,"column":19},"end":{"line":30,"column":30}}},"1":{"name":"(anonymous_2)","decl":{"start":{"line":31,"column":12},"end":{"line":31,"column":13}},"loc":{"start":{"line":31,"column":22},"end":{"line":31,"column":26}}}},"branchMap":{"0":{"loc":{"start":{"line":6,"column":8},"end":{"line":6,"column":40}},"type":"binary-expr","locations":[{"start":{"line":6,"column":8},"end":{"line":6,"column":32}},{"start":{"line":6,"column":36},"end":{"line":6,"column":40}}]},"1":{"loc":{"start":{"line":26,"column":19},"end":{"line":26,"column":62}},"type":"binary-expr","locations":[{"start":{"line":26,"column":19},"end":{"line":26,"column":56}},{"start":{"line":26,"column":60},"end":{"line":26,"column":62}}]},"2":{"loc":{"start":{"line":27,"column":16},"end":{"line":27,"column":57}},"type":"binary-expr","locations":[{"start":{"line":27,"column":16},"end":{"line":27,"column":50}},{"start":{"line":27,"column":54},"end":{"line":27,"column":57}}]},"3":{"loc":{"start":{"line":28,"column":15},"end":{"line":28,"column":54}},"type":"binary-expr","locations":[{"start":{"line":28,"column":15},"end":{"line":28,"column":48}},{"start":{"line":28,"column":52},"end":{"line":28,"column":54}}]},"4":{"loc":{"start":{"line":29,"column":20},"end":{"line":36,"column":null}},"type":"binary-expr","locations":[{"start":{"line":29,"column":20},"end":{"line":31,"column":27}},{"start":{"line":31,"column":31},"end":{"line":36,"column":null}}]}},"s":{"0":1,"1":1,"2":1,"3":4,"4":4},"f":{"0":4,"1":4},"b":{"0":[1,0],"1":[1,0],"2":[1,0],"3":[1,0],"4":[1,0]}}
,"C:\\Repositories\\social-media-backend\\src\\graphql\\schema.ts": {"path":"C:\\Repositories\\social-media-backend\\src\\graphql\\schema.ts","statementMap":{"0":{"start":{"line":1,"column":0},"end":{"line":1,"column":61}},"1":{"start":{"line":2,"column":0},"end":{"line":2,"column":39}},"2":{"start":{"line":3,"column":0},"end":{"line":3,"column":40}},"3":{"start":{"line":5,"column":13},"end":{"line":8,"column":3}}},"fnMap":{},"branchMap":{},"s":{"0":1,"1":1,"2":1,"3":1},"f":{},"b":{}}
,"C:\\Repositories\\social-media-backend\\src\\graphql\\resolvers\\index.ts": {"path":"C:\\Repositories\\social-media-backend\\src\\graphql\\resolvers\\index.ts","statementMap":{"0":{"start":{"line":1,"column":0},"end":{"line":1,"column":53}},"1":{"start":{"line":2,"column":0},"end":{"line":2,"column":53}},"2":{"start":{"line":3,"column":0},"end":{"line":3,"column":62}},"3":{"start":{"line":4,"column":0},"end":{"line":4,"column":53}},"4":{"start":{"line":5,"column":0},"end":{"line":5,"column":59}},"5":{"start":{"line":7,"column":13},"end":{"line":13,"column":2}}},"fnMap":{},"branchMap":{},"s":{"0":1,"1":1,"2":1,"3":1,"4":1,"5":1},"f":{},"b":{}}
,"C:\\Repositories\\social-media-backend\\src\\graphql\\resolvers\\comment\\comment.resolver.ts": {"path":"C:\\Repositories\\social-media-backend\\src\\graphql\\resolvers\\comment\\comment.resolver.ts","statementMap":{"0":{"start":{"line":1,"column":0},"end":{"line":1,"column":69}},"1":{"start":{"line":2,"column":0},"end":{"line":2,"column":64}},"2":{"start":{"line":10,"column":29},"end":{"line":11,"column":28}},"3":{"start":{"line":11,"column":2},"end":{"line":11,"column":28}},"4":{"start":{"line":13,"column":13},"end":{"line":143,"column":2}},"5":{"start":{"line":23,"column":22},"end":{"line":23,"column":51}},"6":{"start":{"line":24,"column":6},"end":{"line":24,"column":40}},"7":{"start":{"line":39,"column":22},"end":{"line":39,"column":51}},"8":{"start":{"line":40,"column":6},"end":{"line":40,"column":49}},"9":{"start":{"line":54,"column":19},"end":{"line":54,"column":55}},"10":{"start":{"line":55,"column":22},"end":{"line":55,"column":51}},"11":{"start":{"line":56,"column":6},"end":{"line":56,"column":51}},"12":{"start":{"line":69,"column":19},"end":{"line":69,"column":55}},"13":{"start":{"line":70,"column":22},"end":{"line":70,"column":51}},"14":{"start":{"line":71,"column":6},"end":{"line":71,"column":66}},"15":{"start":{"line":84,"column":19},"end":{"line":84,"column":55}},"16":{"start":{"line":85,"column":22},"end":{"line":85,"column":51}},"17":{"start":{"line":86,"column":6},"end":{"line":86,"column":59}},"18":{"start":{"line":99,"column":22},"end":{"line":99,"column":51}},"19":{"start":{"line":100,"column":6},"end":{"line":100,"column":47}},"20":{"start":{"line":111,"column":22},"end":{"line":111,"column":51}},"21":{"start":{"line":112,"column":6},"end":{"line":112,"column":47}},"22":{"start":{"line":127,"column":22},"end":{"line":127,"column":51}},"23":{"start":{"line":128,"column":6},"end":{"line":128,"column":48}},"24":{"start":{"line":139,"column":22},"end":{"line":139,"column":51}},"25":{"start":{"line":140,"column":6},"end":{"line":140,"column":43}}},"fnMap":{"0":{"name":"(anonymous_0)","decl":{"start":{"line":10,"column":29},"end":{"line":10,"column":30}},"loc":{"start":{"line":11,"column":2},"end":{"line":11,"column":28}}},"1":{"name":"(anonymous_1)","decl":{"start":{"line":22,"column":13},"end":{"line":22,"column":18}},"loc":{"start":{"line":22,"column":72},"end":{"line":25,"column":5}}},"2":{"name":"(anonymous_2)","decl":{"start":{"line":34,"column":18},"end":{"line":34,"column":23}},"loc":{"start":{"line":38,"column":8},"end":{"line":41,"column":5}}},"3":{"name":"(anonymous_3)","decl":{"start":{"line":53,"column":19},"end":{"line":53,"column":24}},"loc":{"start":{"line":53,"column":70},"end":{"line":57,"column":5}}},"4":{"name":"(anonymous_4)","decl":{"start":{"line":68,"column":19},"end":{"line":68,"column":24}},"loc":{"start":{"line":68,"column":74},"end":{"line":72,"column":5}}},"5":{"name":"(anonymous_5)","decl":{"start":{"line":83,"column":19},"end":{"line":83,"column":24}},"loc":{"start":{"line":83,"column":78},"end":{"line":87,"column":5}}},"6":{"name":"(anonymous_6)","decl":{"start":{"line":98,"column":10},"end":{"line":98,"column":15}},"loc":{"start":{"line":98,"column":77},"end":{"line":101,"column":5}}},"7":{"name":"(anonymous_7)","decl":{"start":{"line":110,"column":10},"end":{"line":110,"column":15}},"loc":{"start":{"line":110,"column":77},"end":{"line":113,"column":5}}},"8":{"name":"(anonymous_8)","decl":{"start":{"line":122,"column":12},"end":{"line":122,"column":17}},"loc":{"start":{"line":126,"column":8},"end":{"line":129,"column":5}}},"9":{"name":"(anonymous_9)","decl":{"start":{"line":138,"column":13},"end":{"line":138,"column":18}},"loc":{"start":{"line":138,"column":72},"end":{"line":141,"column":5}}}},"branchMap":{},"s":{"0":1,"1":1,"2":1,"3":0,"4":1,"5":0,"6":0,"7":0,"8":0,"9":0,"10":0,"11":0,"12":0,"13":0,"14":0,"15":0,"16":0,"17":0,"18":0,"19":0,"20":0,"21":0,"22":0,"23":0,"24":0,"25":0},"f":{"0":0,"1":0,"2":0,"3":0,"4":0,"5":0,"6":0,"7":0,"8":0,"9":0},"b":{}}
,"C:\\Repositories\\social-media-backend\\src\\graphql\\resolvers\\like\\like.resolver.ts": {"path":"C:\\Repositories\\social-media-backend\\src\\graphql\\resolvers\\like\\like.resolver.ts","statementMap":{"0":{"start":{"line":1,"column":0},"end":{"line":1,"column":69}},"1":{"start":{"line":2,"column":0},"end":{"line":2,"column":58}},"2":{"start":{"line":10,"column":26},"end":{"line":10,"column":74}},"3":{"start":{"line":10,"column":51},"end":{"line":10,"column":74}},"4":{"start":{"line":12,"column":13},"end":{"line":79,"column":2}},"5":{"start":{"line":29,"column":19},"end":{"line":29,"column":55}},"6":{"start":{"line":30,"column":22},"end":{"line":30,"column":48}},"7":{"start":{"line":31,"column":6},"end":{"line":31,"column":47}},"8":{"start":{"line":48,"column":19},"end":{"line":48,"column":55}},"9":{"start":{"line":49,"column":22},"end":{"line":49,"column":48}},"10":{"start":{"line":50,"column":6},"end":{"line":50,"column":49}},"11":{"start":{"line":63,"column":22},"end":{"line":63,"column":48}},"12":{"start":{"line":64,"column":6},"end":{"line":64,"column":44}},"13":{"start":{"line":75,"column":22},"end":{"line":75,"column":48}},"14":{"start":{"line":76,"column":6},"end":{"line":76,"column":44}}},"fnMap":{"0":{"name":"(anonymous_0)","decl":{"start":{"line":10,"column":26},"end":{"line":10,"column":27}},"loc":{"start":{"line":10,"column":51},"end":{"line":10,"column":74}}},"1":{"name":"(anonymous_1)","decl":{"start":{"line":24,"column":14},"end":{"line":24,"column":19}},"loc":{"start":{"line":28,"column":8},"end":{"line":32,"column":5}}},"2":{"name":"(anonymous_2)","decl":{"start":{"line":43,"column":16},"end":{"line":43,"column":21}},"loc":{"start":{"line":47,"column":8},"end":{"line":51,"column":5}}},"3":{"name":"(anonymous_3)","decl":{"start":{"line":62,"column":10},"end":{"line":62,"column":15}},"loc":{"start":{"line":62,"column":77},"end":{"line":65,"column":5}}},"4":{"name":"(anonymous_4)","decl":{"start":{"line":74,"column":10},"end":{"line":74,"column":15}},"loc":{"start":{"line":74,"column":77},"end":{"line":77,"column":5}}}},"branchMap":{},"s":{"0":1,"1":1,"2":1,"3":0,"4":1,"5":0,"6":0,"7":0,"8":0,"9":0,"10":0,"11":0,"12":0,"13":0,"14":0},"f":{"0":0,"1":0,"2":0,"3":0,"4":0},"b":{}}
,"C:\\Repositories\\social-media-backend\\src\\graphql\\resolvers\\post\\post.resolver.ts": {"path":"C:\\Repositories\\social-media-backend\\src\\graphql\\resolvers\\post\\post.resolver.ts","statementMap":{"0":{"start":{"line":1,"column":0},"end":{"line":1,"column":69}},"1":{"start":{"line":2,"column":0},"end":{"line":2,"column":58}},"2":{"start":{"line":10,"column":26},"end":{"line":10,"column":74}},"3":{"start":{"line":10,"column":51},"end":{"line":10,"column":74}},"4":{"start":{"line":12,"column":13},"end":{"line":180,"column":2}},"5":{"start":{"line":23,"column":22},"end":{"line":23,"column":48}},"6":{"start":{"line":24,"column":6},"end":{"line":24,"column":37}},"7":{"start":{"line":35,"column":22},"end":{"line":35,"column":48}},"8":{"start":{"line":36,"column":6},"end":{"line":36,"column":35}},"9":{"start":{"line":52,"column":22},"end":{"line":52,"column":48}},"10":{"start":{"line":53,"column":6},"end":{"line":53,"column":42}},"11":{"start":{"line":68,"column":19},"end":{"line":68,"column":55}},"12":{"start":{"line":69,"column":22},"end":{"line":69,"column":48}},"13":{"start":{"line":70,"column":6},"end":{"line":70,"column":48}},"14":{"start":{"line":85,"column":19},"end":{"line":85,"column":55}},"15":{"start":{"line":86,"column":22},"end":{"line":86,"column":48}},"16":{"start":{"line":87,"column":6},"end":{"line":87,"column":63}},"17":{"start":{"line":101,"column":19},"end":{"line":101,"column":55}},"18":{"start":{"line":102,"column":22},"end":{"line":102,"column":48}},"19":{"start":{"line":103,"column":6},"end":{"line":103,"column":56}},"20":{"start":{"line":116,"column":22},"end":{"line":116,"column":48}},"21":{"start":{"line":117,"column":6},"end":{"line":117,"column":44}},"22":{"start":{"line":128,"column":22},"end":{"line":128,"column":48}},"23":{"start":{"line":129,"column":6},"end":{"line":129,"column":44}},"24":{"start":{"line":140,"column":22},"end":{"line":140,"column":48}},"25":{"start":{"line":141,"column":6},"end":{"line":141,"column":41}},"26":{"start":{"line":152,"column":22},"end":{"line":152,"column":48}},"27":{"start":{"line":153,"column":6},"end":{"line":153,"column":43}},"28":{"start":{"line":164,"column":22},"end":{"line":164,"column":48}},"29":{"start":{"line":165,"column":6},"end":{"line":165,"column":46}},"30":{"start":{"line":176,"column":22},"end":{"line":176,"column":48}},"31":{"start":{"line":177,"column":6},"end":{"line":177,"column":49}}},"fnMap":{"0":{"name":"(anonymous_0)","decl":{"start":{"line":10,"column":26},"end":{"line":10,"column":27}},"loc":{"start":{"line":10,"column":51},"end":{"line":10,"column":74}}},"1":{"name":"(anonymous_1)","decl":{"start":{"line":22,"column":10},"end":{"line":22,"column":15}},"loc":{"start":{"line":22,"column":69},"end":{"line":25,"column":5}}},"2":{"name":"(anonymous_2)","decl":{"start":{"line":34,"column":11},"end":{"line":34,"column":16}},"loc":{"start":{"line":34,"column":55},"end":{"line":37,"column":5}}},"3":{"name":"(anonymous_3)","decl":{"start":{"line":47,"column":15},"end":{"line":47,"column":20}},"loc":{"start":{"line":51,"column":8},"end":{"line":54,"column":5}}},"4":{"name":"(anonymous_4)","decl":{"start":{"line":67,"column":16},"end":{"line":67,"column":21}},"loc":{"start":{"line":67,"column":67},"end":{"line":71,"column":5}}},"5":{"name":"(anonymous_5)","decl":{"start":{"line":84,"column":16},"end":{"line":84,"column":21}},"loc":{"start":{"line":84,"column":71},"end":{"line":88,"column":5}}},"6":{"name":"(anonymous_6)","decl":{"start":{"line":100,"column":16},"end":{"line":100,"column":21}},"loc":{"start":{"line":100,"column":75},"end":{"line":104,"column":5}}},"7":{"name":"(anonymous_7)","decl":{"start":{"line":115,"column":10},"end":{"line":115,"column":15}},"loc":{"start":{"line":115,"column":77},"end":{"line":118,"column":5}}},"8":{"name":"(anonymous_8)","decl":{"start":{"line":127,"column":14},"end":{"line":127,"column":19}},"loc":{"start":{"line":127,"column":73},"end":{"line":130,"column":5}}},"9":{"name":"(anonymous_9)","decl":{"start":{"line":139,"column":11},"end":{"line":139,"column":16}},"loc":{"start":{"line":139,"column":70},"end":{"line":142,"column":5}}},"10":{"name":"(anonymous_10)","decl":{"start":{"line":151,"column":13},"end":{"line":151,"column":18}},"loc":{"start":{"line":151,"column":72},"end":{"line":154,"column":5}}},"11":{"name":"(anonymous_11)","decl":{"start":{"line":163,"column":16},"end":{"line":163,"column":21}},"loc":{"start":{"line":163,"column":75},"end":{"line":166,"column":5}}},"12":{"name":"(anonymous_12)","decl":{"start":{"line":175,"column":15},"end":{"line":175,"column":20}},"loc":{"start":{"line":175,"column":74},"end":{"line":178,"column":5}}}},"branchMap":{},"s":{"0":1,"1":1,"2":1,"3":5,"4":1,"5":2,"6":2,"7":1,"8":1,"9":1,"10":1,"11":1,"12":0,"13":0,"14":0,"15":0,"16":0,"17":0,"18":0,"19":0,"20":1,"21":1,"22":0,"23":0,"24":0,"25":0,"26":0,"27":0,"28":0,"29":0,"30":0,"31":0},"f":{"0":5,"1":2,"2":1,"3":1,"4":1,"5":0,"6":0,"7":1,"8":0,"9":0,"10":0,"11":0,"12":0},"b":{}}
,"C:\\Repositories\\social-media-backend\\src\\graphql\\resolvers\\rating\\rating.resolver.ts": {"path":"C:\\Repositories\\social-media-backend\\src\\graphql\\resolvers\\rating\\rating.resolver.ts","statementMap":{"0":{"start":{"line":1,"column":0},"end":{"line":1,"column":69}},"1":{"start":{"line":3,"column":0},"end":{"line":3,"column":62}},"2":{"start":{"line":10,"column":28},"end":{"line":10,"column":78}},"3":{"start":{"line":10,"column":53},"end":{"line":10,"column":78}},"4":{"start":{"line":12,"column":13},"end":{"line":59,"column":2}},"5":{"start":{"line":28,"column":19},"end":{"line":28,"column":55}},"6":{"start":{"line":29,"column":22},"end":{"line":29,"column":50}},"7":{"start":{"line":30,"column":6},"end":{"line":30,"column":66}},"8":{"start":{"line":43,"column":22},"end":{"line":43,"column":50}},"9":{"start":{"line":44,"column":6},"end":{"line":44,"column":46}},"10":{"start":{"line":55,"column":22},"end":{"line":55,"column":50}},"11":{"start":{"line":56,"column":6},"end":{"line":56,"column":46}}},"fnMap":{"0":{"name":"(anonymous_0)","decl":{"start":{"line":10,"column":28},"end":{"line":10,"column":29}},"loc":{"start":{"line":10,"column":53},"end":{"line":10,"column":78}}},"1":{"name":"(anonymous_1)","decl":{"start":{"line":27,"column":14},"end":{"line":27,"column":19}},"loc":{"start":{"line":27,"column":65},"end":{"line":31,"column":5}}},"2":{"name":"(anonymous_2)","decl":{"start":{"line":42,"column":10},"end":{"line":42,"column":15}},"loc":{"start":{"line":42,"column":77},"end":{"line":45,"column":5}}},"3":{"name":"(anonymous_3)","decl":{"start":{"line":54,"column":10},"end":{"line":54,"column":15}},"loc":{"start":{"line":54,"column":77},"end":{"line":57,"column":5}}}},"branchMap":{},"s":{"0":1,"1":1,"2":1,"3":0,"4":1,"5":0,"6":0,"7":0,"8":0,"9":0,"10":0,"11":0},"f":{"0":0,"1":0,"2":0,"3":0},"b":{}}
,"C:\\Repositories\\social-media-backend\\src\\graphql\\resolvers\\user\\user.resolver.ts": {"path":"C:\\Repositories\\social-media-backend\\src\\graphql\\resolvers\\user\\user.resolver.ts","statementMap":{"0":{"start":{"line":1,"column":0},"end":{"line":1,"column":69}},"1":{"start":{"line":2,"column":0},"end":{"line":2,"column":58}},"2":{"start":{"line":10,"column":26},"end":{"line":10,"column":74}},"3":{"start":{"line":10,"column":51},"end":{"line":10,"column":74}},"4":{"start":{"line":12,"column":13},"end":{"line":130,"column":2}},"5":{"start":{"line":23,"column":19},"end":{"line":23,"column":55}},"6":{"start":{"line":24,"column":22},"end":{"line":24,"column":48}},"7":{"start":{"line":25,"column":6},"end":{"line":25,"column":45}},"8":{"start":{"line":37,"column":22},"end":{"line":37,"column":48}},"9":{"start":{"line":38,"column":6},"end":{"line":38,"column":37}},"10":{"start":{"line":51,"column":19},"end":{"line":51,"column":55}},"11":{"start":{"line":52,"column":22},"end":{"line":52,"column":48}},"12":{"start":{"line":53,"column":6},"end":{"line":53,"column":44}},"13":{"start":{"line":68,"column":22},"end":{"line":68,"column":48}},"14":{"start":{"line":69,"column":6},"end":{"line":69,"column":41}},"15":{"start":{"line":82,"column":22},"end":{"line":82,"column":48}},"16":{"start":{"line":83,"column":6},"end":{"line":83,"column":60}},"17":{"start":{"line":97,"column":19},"end":{"line":97,"column":55}},"18":{"start":{"line":98,"column":22},"end":{"line":98,"column":48}},"19":{"start":{"line":99,"column":6},"end":{"line":99,"column":48}},"20":{"start":{"line":111,"column":19},"end":{"line":111,"column":55}},"21":{"start":{"line":112,"column":22},"end":{"line":112,"column":48}},"22":{"start":{"line":113,"column":6},"end":{"line":113,"column":41}},"23":{"start":{"line":126,"column":22},"end":{"line":126,"column":48}},"24":{"start":{"line":127,"column":6},"end":{"line":127,"column":38}}},"fnMap":{"0":{"name":"(anonymous_0)","decl":{"start":{"line":10,"column":26},"end":{"line":10,"column":27}},"loc":{"start":{"line":10,"column":51},"end":{"line":10,"column":74}}},"1":{"name":"(anonymous_1)","decl":{"start":{"line":22,"column":8},"end":{"line":22,"column":13}},"loc":{"start":{"line":22,"column":52},"end":{"line":26,"column":5}}},"2":{"name":"(anonymous_2)","decl":{"start":{"line":36,"column":10},"end":{"line":36,"column":15}},"loc":{"start":{"line":36,"column":69},"end":{"line":39,"column":5}}},"3":{"name":"(anonymous_3)","decl":{"start":{"line":50,"column":11},"end":{"line":50,"column":16}},"loc":{"start":{"line":50,"column":55},"end":{"line":54,"column":5}}},"4":{"name":"(anonymous_4)","decl":{"start":{"line":67,"column":14},"end":{"line":67,"column":19}},"loc":{"start":{"line":67,"column":65},"end":{"line":70,"column":5}}},"5":{"name":"(anonymous_5)","decl":{"start":{"line":81,"column":11},"end":{"line":81,"column":16}},"loc":{"start":{"line":81,"column":62},"end":{"line":84,"column":5}}},"6":{"name":"(anonymous_6)","decl":{"start":{"line":96,"column":16},"end":{"line":96,"column":21}},"loc":{"start":{"line":96,"column":67},"end":{"line":100,"column":5}}},"7":{"name":"(anonymous_7)","decl":{"start":{"line":110,"column":16},"end":{"line":110,"column":21}},"loc":{"start":{"line":110,"column":60},"end":{"line":114,"column":5}}},"8":{"name":"(anonymous_8)","decl":{"start":{"line":125,"column":11},"end":{"line":125,"column":16}},"loc":{"start":{"line":125,"column":70},"end":{"line":128,"column":5}}}},"branchMap":{},"s":{"0":1,"1":1,"2":1,"3":0,"4":1,"5":0,"6":0,"7":0,"8":0,"9":0,"10":0,"11":0,"12":0,"13":0,"14":0,"15":0,"16":0,"17":0,"18":0,"19":0,"20":0,"21":0,"22":0,"23":0,"24":0},"f":{"0":0,"1":0,"2":0,"3":0,"4":0,"5":0,"6":0,"7":0,"8":0},"b":{}}
,"C:\\Repositories\\social-media-backend\\src\\graphql\\services\\comment.service.ts": {"path":"C:\\Repositories\\social-media-backend\\src\\graphql\\services\\comment.service.ts","statementMap":{"0":{"start":{"line":1,"column":0},"end":{"line":1,"column":66}},"1":{"start":{"line":2,"column":0},"end":{"line":2,"column":47}},"2":{"start":{"line":3,"column":0},"end":{"line":3,"column":44}},"3":{"start":{"line":5,"column":0},"end":{"line":5,"column":39}},"4":{"start":{"line":15,"column":22},"end":{"line":15,"column":42}},"5":{"start":{"line":23,"column":4},"end":{"line":25,"column":7}},"6":{"start":{"line":34,"column":4},"end":{"line":40,"column":7}},"7":{"start":{"line":62,"column":42},"end":{"line":62,"column":47}},"8":{"start":{"line":63,"column":17},"end":{"line":65,"column":6}},"9":{"start":{"line":67,"column":4},"end":{"line":71,"column":5}},"10":{"start":{"line":68,"column":6},"end":{"line":70,"column":9}},"11":{"start":{"line":73,"column":4},"end":{"line":88,"column":5}},"12":{"start":{"line":74,"column":28},"end":{"line":76,"column":8}},"13":{"start":{"line":78,"column":6},"end":{"line":82,"column":7}},"14":{"start":{"line":79,"column":8},"end":{"line":81,"column":11}},"15":{"start":{"line":83,"column":6},"end":{"line":87,"column":7}},"16":{"start":{"line":84,"column":8},"end":{"line":86,"column":11}},"17":{"start":{"line":90,"column":20},"end":{"line":97,"column":6}},"18":{"start":{"line":99,"column":4},"end":{"line":99,"column":69}},"19":{"start":{"line":100,"column":4},"end":{"line":100,"column":19}},"20":{"start":{"line":119,"column":20},"end":{"line":121,"column":6}},"21":{"start":{"line":123,"column":4},"end":{"line":127,"column":5}},"22":{"start":{"line":124,"column":6},"end":{"line":126,"column":9}},"23":{"start":{"line":129,"column":4},"end":{"line":129,"column":63}},"24":{"start":{"line":131,"column":27},"end":{"line":134,"column":6}},"25":{"start":{"line":136,"column":4},"end":{"line":136,"column":61}},"26":{"start":{"line":137,"column":4},"end":{"line":137,"column":26}},"27":{"start":{"line":150,"column":20},"end":{"line":152,"column":6}},"28":{"start":{"line":154,"column":4},"end":{"line":158,"column":5}},"29":{"start":{"line":155,"column":6},"end":{"line":157,"column":9}},"30":{"start":{"line":160,"column":4},"end":{"line":160,"column":63}},"31":{"start":{"line":162,"column":4},"end":{"line":164,"column":7}},"32":{"start":{"line":166,"column":4},"end":{"line":166,"column":61}},"33":{"start":{"line":167,"column":4},"end":{"line":167,"column":16}},"34":{"start":{"line":176,"column":4},"end":{"line":178,"column":7}},"35":{"start":{"line":187,"column":4},"end":{"line":189,"column":7}},"36":{"start":{"line":198,"column":4},"end":{"line":198,"column":31}},"37":{"start":{"line":198,"column":19},"end":{"line":198,"column":31}},"38":{"start":{"line":199,"column":4},"end":{"line":201,"column":7}},"39":{"start":{"line":210,"column":4},"end":{"line":213,"column":7}},"40":{"start":{"line":222,"column":4},"end":{"line":226,"column":7}},"41":{"start":{"line":10,"column":0},"end":{"line":10,"column":13}}},"fnMap":{"0":{"name":"(anonymous_0)","decl":{"start":{"line":15,"column":2},"end":{"line":15,"column":22}},"loc":{"start":{"line":15,"column":42},"end":{"line":15,"column":46}}},"1":{"name":"(anonymous_1)","decl":{"start":{"line":22,"column":2},"end":{"line":22,"column":7}},"loc":{"start":{"line":22,"column":33},"end":{"line":26,"column":3}}},"2":{"name":"(anonymous_2)","decl":{"start":{"line":33,"column":2},"end":{"line":33,"column":7}},"loc":{"start":{"line":33,"column":42},"end":{"line":41,"column":3}}},"3":{"name":"(anonymous_3)","decl":{"start":{"line":54,"column":2},"end":{"line":54,"column":7}},"loc":{"start":{"line":60,"column":18},"end":{"line":101,"column":3}}},"4":{"name":"(anonymous_4)","decl":{"start":{"line":113,"column":2},"end":{"line":113,"column":7}},"loc":{"start":{"line":117,"column":20},"end":{"line":138,"column":3}}},"5":{"name":"(anonymous_5)","decl":{"start":{"line":149,"column":2},"end":{"line":149,"column":7}},"loc":{"start":{"line":149,"column":66},"end":{"line":168,"column":3}}},"6":{"name":"(anonymous_6)","decl":{"start":{"line":175,"column":2},"end":{"line":175,"column":7}},"loc":{"start":{"line":175,"column":40},"end":{"line":179,"column":3}}},"7":{"name":"(anonymous_7)","decl":{"start":{"line":186,"column":2},"end":{"line":186,"column":7}},"loc":{"start":{"line":186,"column":40},"end":{"line":190,"column":3}}},"8":{"name":"(anonymous_8)","decl":{"start":{"line":197,"column":2},"end":{"line":197,"column":7}},"loc":{"start":{"line":197,"column":48},"end":{"line":202,"column":3}}},"9":{"name":"(anonymous_9)","decl":{"start":{"line":209,"column":2},"end":{"line":209,"column":7}},"loc":{"start":{"line":209,"column":43},"end":{"line":214,"column":3}}},"10":{"name":"(anonymous_10)","decl":{"start":{"line":221,"column":2},"end":{"line":221,"column":7}},"loc":{"start":{"line":221,"column":47},"end":{"line":227,"column":3}}}},"branchMap":{"0":{"loc":{"start":{"line":67,"column":4},"end":{"line":71,"column":5}},"type":"if","locations":[{"start":{"line":67,"column":4},"end":{"line":71,"column":5}}]},"1":{"loc":{"start":{"line":73,"column":4},"end":{"line":88,"column":5}},"type":"if","locations":[{"start":{"line":73,"column":4},"end":{"line":88,"column":5}}]},"2":{"loc":{"start":{"line":78,"column":6},"end":{"line":82,"column":7}},"type":"if","locations":[{"start":{"line":78,"column":6},"end":{"line":82,"column":7}}]},"3":{"loc":{"start":{"line":83,"column":6},"end":{"line":87,"column":7}},"type":"if","locations":[{"start":{"line":83,"column":6},"end":{"line":87,"column":7}}]},"4":{"loc":{"start":{"line":123,"column":4},"end":{"line":127,"column":5}},"type":"if","locations":[{"start":{"line":123,"column":4},"end":{"line":127,"column":5}}]},"5":{"loc":{"start":{"line":154,"column":4},"end":{"line":158,"column":5}},"type":"if","locations":[{"start":{"line":154,"column":4},"end":{"line":158,"column":5}}]},"6":{"loc":{"start":{"line":198,"column":4},"end":{"line":198,"column":31}},"type":"if","locations":[{"start":{"line":198,"column":4},"end":{"line":198,"column":31}}]}},"s":{"0":1,"1":1,"2":1,"3":1,"4":0,"5":0,"6":0,"7":0,"8":0,"9":0,"10":0,"11":0,"12":0,"13":0,"14":0,"15":0,"16":0,"17":0,"18":0,"19":0,"20":0,"21":0,"22":0,"23":0,"24":0,"25":0,"26":0,"27":0,"28":0,"29":0,"30":0,"31":0,"32":0,"33":0,"34":0,"35":0,"36":0,"37":0,"38":0,"39":0,"40":0,"41":1},"f":{"0":0,"1":0,"2":0,"3":0,"4":0,"5":0,"6":0,"7":0,"8":0,"9":0,"10":0},"b":{"0":[0],"1":[0],"2":[0],"3":[0],"4":[0],"5":[0],"6":[0]}}
,"C:\\Repositories\\social-media-backend\\src\\graphql\\services\\like.service.ts": {"path":"C:\\Repositories\\social-media-backend\\src\\graphql\\services\\like.service.ts","statementMap":{"0":{"start":{"line":1,"column":0},"end":{"line":1,"column":47}},"1":{"start":{"line":2,"column":0},"end":{"line":2,"column":44}},"2":{"start":{"line":4,"column":0},"end":{"line":4,"column":39}},"3":{"start":{"line":14,"column":22},"end":{"line":14,"column":42}},"4":{"start":{"line":25,"column":17},"end":{"line":27,"column":6}},"5":{"start":{"line":29,"column":4},"end":{"line":33,"column":5}},"6":{"start":{"line":30,"column":6},"end":{"line":32,"column":9}},"7":{"start":{"line":36,"column":25},"end":{"line":41,"column":6}},"8":{"start":{"line":44,"column":4},"end":{"line":46,"column":5}},"9":{"start":{"line":45,"column":6},"end":{"line":45,"column":26}},"10":{"start":{"line":49,"column":17},"end":{"line":54,"column":6}},"11":{"start":{"line":56,"column":4},"end":{"line":56,"column":60}},"12":{"start":{"line":57,"column":4},"end":{"line":57,"column":16}},"13":{"start":{"line":69,"column":17},"end":{"line":74,"column":6}},"14":{"start":{"line":76,"column":4},"end":{"line":80,"column":5}},"15":{"start":{"line":77,"column":6},"end":{"line":79,"column":9}},"16":{"start":{"line":83,"column":4},"end":{"line":85,"column":7}},"17":{"start":{"line":87,"column":4},"end":{"line":87,"column":62}},"18":{"start":{"line":88,"column":4},"end":{"line":88,"column":16}},"19":{"start":{"line":97,"column":4},"end":{"line":99,"column":7}},"20":{"start":{"line":108,"column":4},"end":{"line":110,"column":7}},"21":{"start":{"line":9,"column":0},"end":{"line":9,"column":13}}},"fnMap":{"0":{"name":"(anonymous_0)","decl":{"start":{"line":14,"column":2},"end":{"line":14,"column":22}},"loc":{"start":{"line":14,"column":42},"end":{"line":14,"column":46}}},"1":{"name":"(anonymous_1)","decl":{"start":{"line":23,"column":2},"end":{"line":23,"column":7}},"loc":{"start":{"line":23,"column":47},"end":{"line":58,"column":3}}},"2":{"name":"(anonymous_2)","decl":{"start":{"line":67,"column":2},"end":{"line":67,"column":7}},"loc":{"start":{"line":67,"column":49},"end":{"line":89,"column":3}}},"3":{"name":"(anonymous_3)","decl":{"start":{"line":96,"column":2},"end":{"line":96,"column":7}},"loc":{"start":{"line":96,"column":37},"end":{"line":100,"column":3}}},"4":{"name":"(anonymous_4)","decl":{"start":{"line":107,"column":2},"end":{"line":107,"column":7}},"loc":{"start":{"line":107,"column":37},"end":{"line":111,"column":3}}}},"branchMap":{"0":{"loc":{"start":{"line":29,"column":4},"end":{"line":33,"column":5}},"type":"if","locations":[{"start":{"line":29,"column":4},"end":{"line":33,"column":5}}]},"1":{"loc":{"start":{"line":44,"column":4},"end":{"line":46,"column":5}},"type":"if","locations":[{"start":{"line":44,"column":4},"end":{"line":46,"column":5}}]},"2":{"loc":{"start":{"line":76,"column":4},"end":{"line":80,"column":5}},"type":"if","locations":[{"start":{"line":76,"column":4},"end":{"line":80,"column":5}}]}},"s":{"0":1,"1":1,"2":1,"3":0,"4":0,"5":0,"6":0,"7":0,"8":0,"9":0,"10":0,"11":0,"12":0,"13":0,"14":0,"15":0,"16":0,"17":0,"18":0,"19":0,"20":0,"21":1},"f":{"0":0,"1":0,"2":0,"3":0,"4":0},"b":{"0":[0],"1":[0],"2":[0]}}
,"C:\\Repositories\\social-media-backend\\src\\graphql\\services\\post.service.ts": {"path":"C:\\Repositories\\social-media-backend\\src\\graphql\\services\\post.service.ts","statementMap":{"0":{"start":{"line":2,"column":0},"end":{"line":2,"column":39}},"1":{"start":{"line":3,"column":0},"end":{"line":3,"column":66}},"2":{"start":{"line":4,"column":0},"end":{"line":4,"column":47}},"3":{"start":{"line":5,"column":0},"end":{"line":5,"column":44}},"4":{"start":{"line":16,"column":22},"end":{"line":16,"column":42}},"5":{"start":{"line":25,"column":17},"end":{"line":27,"column":6}},"6":{"start":{"line":29,"column":4},"end":{"line":33,"column":5}},"7":{"start":{"line":30,"column":6},"end":{"line":32,"column":9}},"8":{"start":{"line":35,"column":4},"end":{"line":35,"column":16}},"9":{"start":{"line":43,"column":4},"end":{"line":45,"column":7}},"10":{"start":{"line":54,"column":4},"end":{"line":57,"column":7}},"11":{"start":{"line":72,"column":17},"end":{"line":78,"column":6}},"12":{"start":{"line":80,"column":4},"end":{"line":80,"column":63}},"13":{"start":{"line":81,"column":4},"end":{"line":81,"column":16}},"14":{"start":{"line":95,"column":17},"end":{"line":97,"column":6}},"15":{"start":{"line":99,"column":4},"end":{"line":103,"column":5}},"16":{"start":{"line":100,"column":6},"end":{"line":102,"column":9}},"17":{"start":{"line":105,"column":4},"end":{"line":105,"column":60}},"18":{"start":{"line":107,"column":24},"end":{"line":110,"column":6}},"19":{"start":{"line":112,"column":4},"end":{"line":112,"column":58}},"20":{"start":{"line":113,"column":4},"end":{"line":113,"column":23}},"21":{"start":{"line":126,"column":17},"end":{"line":128,"column":6}},"22":{"start":{"line":130,"column":4},"end":{"line":134,"column":5}},"23":{"start":{"line":131,"column":6},"end":{"line":133,"column":9}},"24":{"start":{"line":136,"column":4},"end":{"line":136,"column":60}},"25":{"start":{"line":138,"column":4},"end":{"line":140,"column":7}},"26":{"start":{"line":142,"column":4},"end":{"line":142,"column":58}},"27":{"start":{"line":143,"column":4},"end":{"line":143,"column":16}},"28":{"start":{"line":152,"column":4},"end":{"line":154,"column":7}},"29":{"start":{"line":163,"column":4},"end":{"line":169,"column":7}},"30":{"start":{"line":178,"column":4},"end":{"line":180,"column":7}},"31":{"start":{"line":189,"column":4},"end":{"line":191,"column":7}},"32":{"start":{"line":200,"column":4},"end":{"line":202,"column":7}},"33":{"start":{"line":211,"column":19},"end":{"line":216,"column":6}},"34":{"start":{"line":218,"column":4},"end":{"line":218,"column":29}},"35":{"start":{"line":11,"column":0},"end":{"line":11,"column":13}}},"fnMap":{"0":{"name":"(anonymous_0)","decl":{"start":{"line":16,"column":2},"end":{"line":16,"column":22}},"loc":{"start":{"line":16,"column":42},"end":{"line":16,"column":46}}},"1":{"name":"(anonymous_1)","decl":{"start":{"line":24,"column":2},"end":{"line":24,"column":7}},"loc":{"start":{"line":24,"column":30},"end":{"line":36,"column":3}}},"2":{"name":"(anonymous_2)","decl":{"start":{"line":42,"column":2},"end":{"line":42,"column":7}},"loc":{"start":{"line":42,"column":19},"end":{"line":46,"column":3}}},"3":{"name":"(anonymous_3)","decl":{"start":{"line":53,"column":2},"end":{"line":53,"column":7}},"loc":{"start":{"line":53,"column":35},"end":{"line":58,"column":3}}},"4":{"name":"(anonymous_4)","decl":{"start":{"line":68,"column":2},"end":{"line":68,"column":7}},"loc":{"start":{"line":70,"column":18},"end":{"line":82,"column":3}}},"5":{"name":"(anonymous_5)","decl":{"start":{"line":94,"column":2},"end":{"line":94,"column":7}},"loc":{"start":{"line":94,"column":75},"end":{"line":114,"column":3}}},"6":{"name":"(anonymous_6)","decl":{"start":{"line":125,"column":2},"end":{"line":125,"column":7}},"loc":{"start":{"line":125,"column":63},"end":{"line":144,"column":3}}},"7":{"name":"(anonymous_7)","decl":{"start":{"line":151,"column":2},"end":{"line":151,"column":7}},"loc":{"start":{"line":151,"column":37},"end":{"line":155,"column":3}}},"8":{"name":"(anonymous_8)","decl":{"start":{"line":162,"column":2},"end":{"line":162,"column":7}},"loc":{"start":{"line":162,"column":41},"end":{"line":170,"column":3}}},"9":{"name":"(anonymous_9)","decl":{"start":{"line":177,"column":2},"end":{"line":177,"column":7}},"loc":{"start":{"line":177,"column":38},"end":{"line":181,"column":3}}},"10":{"name":"(anonymous_10)","decl":{"start":{"line":188,"column":2},"end":{"line":188,"column":7}},"loc":{"start":{"line":188,"column":40},"end":{"line":192,"column":3}}},"11":{"name":"(anonymous_11)","decl":{"start":{"line":199,"column":2},"end":{"line":199,"column":7}},"loc":{"start":{"line":199,"column":43},"end":{"line":203,"column":3}}},"12":{"name":"(anonymous_12)","decl":{"start":{"line":210,"column":2},"end":{"line":210,"column":7}},"loc":{"start":{"line":210,"column":46},"end":{"line":219,"column":3}}}},"branchMap":{"0":{"loc":{"start":{"line":29,"column":4},"end":{"line":33,"column":5}},"type":"if","locations":[{"start":{"line":29,"column":4},"end":{"line":33,"column":5}}]},"1":{"loc":{"start":{"line":99,"column":4},"end":{"line":103,"column":5}},"type":"if","locations":[{"start":{"line":99,"column":4},"end":{"line":103,"column":5}}]},"2":{"loc":{"start":{"line":130,"column":4},"end":{"line":134,"column":5}},"type":"if","locations":[{"start":{"line":130,"column":4},"end":{"line":134,"column":5}}]}},"s":{"0":1,"1":1,"2":1,"3":1,"4":5,"5":2,"6":2,"7":1,"8":1,"9":1,"10":1,"11":0,"12":0,"13":0,"14":0,"15":0,"16":0,"17":0,"18":0,"19":0,"20":0,"21":0,"22":0,"23":0,"24":0,"25":0,"26":0,"27":0,"28":1,"29":0,"30":0,"31":0,"32":0,"33":0,"34":0,"35":1},"f":{"0":5,"1":2,"2":1,"3":1,"4":0,"5":0,"6":0,"7":1,"8":0,"9":0,"10":0,"11":0,"12":0},"b":{"0":[1],"1":[0],"2":[0]}}
,"C:\\Repositories\\social-media-backend\\src\\graphql\\services\\rating.service.ts": {"path":"C:\\Repositories\\social-media-backend\\src\\graphql\\services\\rating.service.ts","statementMap":{"0":{"start":{"line":1,"column":0},"end":{"line":1,"column":47}},"1":{"start":{"line":2,"column":0},"end":{"line":2,"column":44}},"2":{"start":{"line":4,"column":0},"end":{"line":4,"column":39}},"3":{"start":{"line":14,"column":22},"end":{"line":14,"column":42}},"4":{"start":{"line":28,"column":4},"end":{"line":32,"column":5}},"5":{"start":{"line":29,"column":6},"end":{"line":31,"column":9}},"6":{"start":{"line":35,"column":17},"end":{"line":37,"column":6}},"7":{"start":{"line":39,"column":4},"end":{"line":43,"column":5}},"8":{"start":{"line":40,"column":6},"end":{"line":42,"column":9}},"9":{"start":{"line":46,"column":27},"end":{"line":51,"column":6}},"10":{"start":{"line":53,"column":4},"end":{"line":64,"column":5}},"11":{"start":{"line":55,"column":28},"end":{"line":58,"column":8}},"12":{"start":{"line":60,"column":6},"end":{"line":62,"column":8}},"13":{"start":{"line":63,"column":6},"end":{"line":63,"column":27}},"14":{"start":{"line":67,"column":19},"end":{"line":73,"column":6}},"15":{"start":{"line":75,"column":4},"end":{"line":75,"column":77}},"16":{"start":{"line":76,"column":4},"end":{"line":76,"column":18}},"17":{"start":{"line":85,"column":4},"end":{"line":87,"column":7}},"18":{"start":{"line":96,"column":4},"end":{"line":98,"column":7}},"19":{"start":{"line":9,"column":0},"end":{"line":9,"column":13}}},"fnMap":{"0":{"name":"(anonymous_0)","decl":{"start":{"line":14,"column":2},"end":{"line":14,"column":22}},"loc":{"start":{"line":14,"column":42},"end":{"line":14,"column":46}}},"1":{"name":"(anonymous_1)","decl":{"start":{"line":26,"column":2},"end":{"line":26,"column":7}},"loc":{"start":{"line":26,"column":62},"end":{"line":77,"column":3}}},"2":{"name":"(anonymous_2)","decl":{"start":{"line":84,"column":2},"end":{"line":84,"column":7}},"loc":{"start":{"line":84,"column":39},"end":{"line":88,"column":3}}},"3":{"name":"(anonymous_3)","decl":{"start":{"line":95,"column":2},"end":{"line":95,"column":7}},"loc":{"start":{"line":95,"column":39},"end":{"line":99,"column":3}}}},"branchMap":{"0":{"loc":{"start":{"line":28,"column":4},"end":{"line":32,"column":5}},"type":"if","locations":[{"start":{"line":28,"column":4},"end":{"line":32,"column":5}}]},"1":{"loc":{"start":{"line":28,"column":8},"end":{"line":28,"column":30}},"type":"binary-expr","locations":[{"start":{"line":28,"column":8},"end":{"line":28,"column":17}},{"start":{"line":28,"column":21},"end":{"line":28,"column":30}}]},"2":{"loc":{"start":{"line":39,"column":4},"end":{"line":43,"column":5}},"type":"if","locations":[{"start":{"line":39,"column":4},"end":{"line":43,"column":5}}]},"3":{"loc":{"start":{"line":53,"column":4},"end":{"line":64,"column":5}},"type":"if","locations":[{"start":{"line":53,"column":4},"end":{"line":64,"column":5}}]}},"s":{"0":1,"1":1,"2":1,"3":0,"4":0,"5":0,"6":0,"7":0,"8":0,"9":0,"10":0,"11":0,"12":0,"13":0,"14":0,"15":0,"16":0,"17":0,"18":0,"19":1},"f":{"0":0,"1":0,"2":0,"3":0},"b":{"0":[0],"1":[0,0],"2":[0],"3":[0]}}
,"C:\\Repositories\\social-media-backend\\src\\graphql\\services\\user.service.ts": {"path":"C:\\Repositories\\social-media-backend\\src\\graphql\\services\\user.service.ts","statementMap":{"0":{"start":{"line":1,"column":0},"end":{"line":1,"column":30}},"1":{"start":{"line":2,"column":0},"end":{"line":2,"column":47}},"2":{"start":{"line":3,"column":0},"end":{"line":3,"column":44}},"3":{"start":{"line":5,"column":0},"end":{"line":5,"column":39}},"4":{"start":{"line":6,"column":0},"end":{"line":6,"column":43}},"5":{"start":{"line":17,"column":22},"end":{"line":17,"column":42}},"6":{"start":{"line":25,"column":4},"end":{"line":27,"column":7}},"7":{"start":{"line":36,"column":4},"end":{"line":38,"column":7}},"8":{"start":{"line":48,"column":4},"end":{"line":52,"column":5}},"9":{"start":{"line":49,"column":6},"end":{"line":51,"column":9}},"10":{"start":{"line":54,"column":4},"end":{"line":54,"column":39}},"11":{"start":{"line":76,"column":63},"end":{"line":76,"column":68}},"12":{"start":{"line":79,"column":25},"end":{"line":83,"column":6}},"13":{"start":{"line":85,"column":4},"end":{"line":92,"column":5}},"14":{"start":{"line":86,"column":6},"end":{"line":91,"column":8}},"15":{"start":{"line":95,"column":27},"end":{"line":95,"column":58}},"16":{"start":{"line":98,"column":20},"end":{"line":106,"column":6}},"17":{"start":{"line":108,"column":4},"end":{"line":108,"column":50}},"18":{"start":{"line":111,"column":18},"end":{"line":115,"column":6}},"19":{"start":{"line":117,"column":4},"end":{"line":120,"column":6}},"20":{"start":{"line":132,"column":17},"end":{"line":134,"column":6}},"21":{"start":{"line":136,"column":4},"end":{"line":140,"column":5}},"22":{"start":{"line":137,"column":6},"end":{"line":139,"column":9}},"23":{"start":{"line":143,"column":26},"end":{"line":143,"column":71}},"24":{"start":{"line":144,"column":4},"end":{"line":148,"column":5}},"25":{"start":{"line":145,"column":6},"end":{"line":147,"column":9}},"26":{"start":{"line":150,"column":4},"end":{"line":150,"column":46}},"27":{"start":{"line":153,"column":18},"end":{"line":157,"column":6}},"28":{"start":{"line":159,"column":4},"end":{"line":162,"column":6}},"29":{"start":{"line":172,"column":24},"end":{"line":175,"column":6}},"30":{"start":{"line":177,"column":4},"end":{"line":177,"column":43}},"31":{"start":{"line":178,"column":4},"end":{"line":178,"column":23}},"32":{"start":{"line":187,"column":4},"end":{"line":189,"column":7}},"33":{"start":{"line":191,"column":4},"end":{"line":191,"column":43}},"34":{"start":{"line":192,"column":4},"end":{"line":192,"column":16}},"35":{"start":{"line":201,"column":4},"end":{"line":204,"column":7}},"36":{"start":{"line":12,"column":0},"end":{"line":12,"column":13}}},"fnMap":{"0":{"name":"(anonymous_1)","decl":{"start":{"line":17,"column":2},"end":{"line":17,"column":22}},"loc":{"start":{"line":17,"column":42},"end":{"line":17,"column":46}}},"1":{"name":"(anonymous_2)","decl":{"start":{"line":24,"column":2},"end":{"line":24,"column":7}},"loc":{"start":{"line":24,"column":37},"end":{"line":28,"column":3}}},"2":{"name":"(anonymous_3)","decl":{"start":{"line":35,"column":2},"end":{"line":35,"column":7}},"loc":{"start":{"line":35,"column":30},"end":{"line":39,"column":3}}},"3":{"name":"(anonymous_4)","decl":{"start":{"line":47,"column":2},"end":{"line":47,"column":7}},"loc":{"start":{"line":47,"column":41},"end":{"line":55,"column":3}}},"4":{"name":"(anonymous_5)","decl":{"start":{"line":69,"column":2},"end":{"line":69,"column":7}},"loc":{"start":{"line":75,"column":3},"end":{"line":121,"column":3}}},"5":{"name":"(anonymous_6)","decl":{"start":{"line":131,"column":2},"end":{"line":131,"column":7}},"loc":{"start":{"line":131,"column":49},"end":{"line":163,"column":3}}},"6":{"name":"(anonymous_7)","decl":{"start":{"line":171,"column":2},"end":{"line":171,"column":7}},"loc":{"start":{"line":171,"column":45},"end":{"line":179,"column":3}}},"7":{"name":"(anonymous_8)","decl":{"start":{"line":186,"column":2},"end":{"line":186,"column":7}},"loc":{"start":{"line":186,"column":33},"end":{"line":193,"column":3}}},"8":{"name":"(anonymous_9)","decl":{"start":{"line":200,"column":2},"end":{"line":200,"column":7}},"loc":{"start":{"line":200,"column":35},"end":{"line":205,"column":3}}}},"branchMap":{"0":{"loc":{"start":{"line":48,"column":4},"end":{"line":52,"column":5}},"type":"if","locations":[{"start":{"line":48,"column":4},"end":{"line":52,"column":5}}]},"1":{"loc":{"start":{"line":85,"column":4},"end":{"line":92,"column":5}},"type":"if","locations":[{"start":{"line":85,"column":4},"end":{"line":92,"column":5}}]},"2":{"loc":{"start":{"line":136,"column":4},"end":{"line":140,"column":5}},"type":"if","locations":[{"start":{"line":136,"column":4},"end":{"line":140,"column":5}}]},"3":{"loc":{"start":{"line":144,"column":4},"end":{"line":148,"column":5}},"type":"if","locations":[{"start":{"line":144,"column":4},"end":{"line":148,"column":5}}]}},"s":{"0":1,"1":1,"2":1,"3":1,"4":1,"5":0,"6":0,"7":0,"8":0,"9":0,"10":0,"11":0,"12":0,"13":0,"14":0,"15":0,"16":0,"17":0,"18":0,"19":0,"20":0,"21":0,"22":0,"23":0,"24":0,"25":0,"26":0,"27":0,"28":0,"29":0,"30":0,"31":0,"32":0,"33":0,"34":0,"35":0,"36":1},"f":{"0":0,"1":0,"2":0,"3":0,"4":0,"5":0,"6":0,"7":0,"8":0},"b":{"0":[0],"1":[0],"2":[0],"3":[0]}}
,"C:\\Repositories\\social-media-backend\\src\\graphql\\type-defs\\comment.type-defs.ts": {"path":"C:\\Repositories\\social-media-backend\\src\\graphql\\type-defs\\comment.type-defs.ts","statementMap":{"0":{"start":{"line":1,"column":13},"end":{"line":50,"column":2}}},"fnMap":{},"branchMap":{},"s":{"0":1},"f":{},"b":{}}
,"C:\\Repositories\\social-media-backend\\src\\graphql\\type-defs\\index.ts": {"path":"C:\\Repositories\\social-media-backend\\src\\graphql\\type-defs\\index.ts","statementMap":{"0":{"start":{"line":1,"column":0},"end":{"line":1,"column":48}},"1":{"start":{"line":2,"column":0},"end":{"line":2,"column":48}},"2":{"start":{"line":3,"column":0},"end":{"line":3,"column":54}},"3":{"start":{"line":4,"column":0},"end":{"line":4,"column":48}},"4":{"start":{"line":5,"column":0},"end":{"line":5,"column":52}},"5":{"start":{"line":7,"column":21},"end":{"line":15,"column":2}},"6":{"start":{"line":17,"column":13},"end":{"line":24,"column":2}}},"fnMap":{},"branchMap":{},"s":{"0":1,"1":1,"2":1,"3":1,"4":1,"5":1,"6":1},"f":{},"b":{}}
,"C:\\Repositories\\social-media-backend\\src\\graphql\\type-defs\\like.type-defs.ts": {"path":"C:\\Repositories\\social-media-backend\\src\\graphql\\type-defs\\like.type-defs.ts","statementMap":{"0":{"start":{"line":1,"column":13},"end":{"line":15,"column":2}}},"fnMap":{},"branchMap":{},"s":{"0":1},"f":{},"b":{}}
,"C:\\Repositories\\social-media-backend\\src\\graphql\\type-defs\\post.type-defs.ts": {"path":"C:\\Repositories\\social-media-backend\\src\\graphql\\type-defs\\post.type-defs.ts","statementMap":{"0":{"start":{"line":1,"column":13},"end":{"line":38,"column":2}}},"fnMap":{},"branchMap":{},"s":{"0":1},"f":{},"b":{}}
,"C:\\Repositories\\social-media-backend\\src\\graphql\\type-defs\\rating.type-defs.ts": {"path":"C:\\Repositories\\social-media-backend\\src\\graphql\\type-defs\\rating.type-defs.ts","statementMap":{"0":{"start":{"line":1,"column":13},"end":{"line":21,"column":2}}},"fnMap":{},"branchMap":{},"s":{"0":1},"f":{},"b":{}}
,"C:\\Repositories\\social-media-backend\\src\\graphql\\type-defs\\user.type-defs.ts": {"path":"C:\\Repositories\\social-media-backend\\src\\graphql\\type-defs\\user.type-defs.ts","statementMap":{"0":{"start":{"line":1,"column":13},"end":{"line":55,"column":2}}},"fnMap":{},"branchMap":{},"s":{"0":1},"f":{},"b":{}}
,"C:\\Repositories\\social-media-backend\\src\\middleware\\auth.middleware.ts": {"path":"C:\\Repositories\\social-media-backend\\src\\middleware\\auth.middleware.ts","statementMap":{"0":{"start":{"line":2,"column":0},"end":{"line":2,"column":39}},"1":{"start":{"line":3,"column":0},"end":{"line":3,"column":44}},"2":{"start":{"line":7,"column":4},"end":{"line":11,"column":5}},"3":{"start":{"line":8,"column":6},"end":{"line":10,"column":9}},"4":{"start":{"line":12,"column":4},"end":{"line":12,"column":24}},"5":{"start":{"line":16,"column":4},"end":{"line":20,"column":5}},"6":{"start":{"line":17,"column":6},"end":{"line":19,"column":9}},"7":{"start":{"line":24,"column":17},"end":{"line":24,"column":43}},"8":{"start":{"line":25,"column":4},"end":{"line":29,"column":5}},"9":{"start":{"line":26,"column":6},"end":{"line":28,"column":9}},"10":{"start":{"line":30,"column":4},"end":{"line":30,"column":16}},"11":{"start":{"line":5,"column":0},"end":{"line":5,"column":13}}},"fnMap":{"0":{"name":"(anonymous_0)","decl":{"start":{"line":6,"column":2},"end":{"line":6,"column":8}},"loc":{"start":{"line":6,"column":38},"end":{"line":13,"column":3}}},"1":{"name":"(anonymous_1)","decl":{"start":{"line":15,"column":2},"end":{"line":15,"column":8}},"loc":{"start":{"line":15,"column":72},"end":{"line":21,"column":3}}},"2":{"name":"(anonymous_2)","decl":{"start":{"line":23,"column":2},"end":{"line":23,"column":8}},"loc":{"start":{"line":23,"column":33},"end":{"line":31,"column":3}}}},"branchMap":{"0":{"loc":{"start":{"line":7,"column":4},"end":{"line":11,"column":5}},"type":"if","locations":[{"start":{"line":7,"column":4},"end":{"line":11,"column":5}}]},"1":{"loc":{"start":{"line":16,"column":4},"end":{"line":20,"column":5}},"type":"if","locations":[{"start":{"line":16,"column":4},"end":{"line":20,"column":5}}]},"2":{"loc":{"start":{"line":16,"column":8},"end":{"line":16,"column":53}},"type":"binary-expr","locations":[{"start":{"line":16,"column":8},"end":{"line":16,"column":33}},{"start":{"line":16,"column":37},"end":{"line":16,"column":53}}]},"3":{"loc":{"start":{"line":25,"column":4},"end":{"line":29,"column":5}},"type":"if","locations":[{"start":{"line":25,"column":4},"end":{"line":29,"column":5}}]}},"s":{"0":1,"1":1,"2":1,"3":1,"4":0,"5":0,"6":0,"7":0,"8":0,"9":0,"10":0,"11":1},"f":{"0":1,"1":0,"2":0},"b":{"0":[1],"1":[0],"2":[0,0],"3":[0]}}
,"C:\\Repositories\\social-media-backend\\src\\tests\\test-utils.ts": {"path":"C:\\Repositories\\social-media-backend\\src\\tests\\test-utils.ts","statementMap":{"0":{"start":{"line":2,"column":0},"end":{"line":2,"column":46}},"1":{"start":{"line":3,"column":0},"end":{"line":3,"column":46}},"2":{"start":{"line":4,"column":0},"end":{"line":4,"column":43}},"3":{"start":{"line":8,"column":19},"end":{"line":8,"column":37}},"4":{"start":{"line":11,"column":27},"end":{"line":14,"column":2}},"5":{"start":{"line":11,"column":53},"end":{"line":14,"column":2}},"6":{"start":{"line":11,"column":13},"end":{"line":11,"column":27}},"7":{"start":{"line":17,"column":32},"end":{"line":46,"column":1}},"8":{"start":{"line":18,"column":17},"end":{"line":18,"column":54}},"9":{"start":{"line":21,"column":27},"end":{"line":39,"column":3}},"10":{"start":{"line":30,"column":4},"end":{"line":38,"column":6}},"11":{"start":{"line":41,"column":2},"end":{"line":45,"column":4}},"12":{"start":{"line":17,"column":13},"end":{"line":17,"column":32}},"13":{"start":{"line":49,"column":31},"end":{"line":56,"column":1}},"14":{"start":{"line":51,"column":2},"end":{"line":51,"column":39}},"15":{"start":{"line":52,"column":2},"end":{"line":52,"column":37}},"16":{"start":{"line":53,"column":2},"end":{"line":53,"column":40}},"17":{"start":{"line":54,"column":2},"end":{"line":54,"column":37}},"18":{"start":{"line":55,"column":2},"end":{"line":55,"column":37}},"19":{"start":{"line":49,"column":13},"end":{"line":49,"column":31}},"20":{"start":{"line":59,"column":0},"end":{"line":61,"column":3}},"21":{"start":{"line":60,"column":2},"end":{"line":60,"column":26}},"22":{"start":{"line":63,"column":0},"end":{"line":65,"column":3}},"23":{"start":{"line":64,"column":2},"end":{"line":64,"column":33}},"24":{"start":{"line":67,"column":0},"end":{"line":69,"column":3}},"25":{"start":{"line":68,"column":2},"end":{"line":68,"column":26}}},"fnMap":{"0":{"name":"(anonymous_0)","decl":{"start":{"line":11,"column":27},"end":{"line":11,"column":28}},"loc":{"start":{"line":11,"column":53},"end":{"line":14,"column":2}}},"1":{"name":"(anonymous_1)","decl":{"start":{"line":17,"column":32},"end":{"line":17,"column":35}},"loc":{"start":{"line":17,"column":37},"end":{"line":46,"column":1}}},"2":{"name":"(anonymous_2)","decl":{"start":{"line":21,"column":27},"end":{"line":21,"column":32}},"loc":{"start":{"line":29,"column":7},"end":{"line":39,"column":3}}},"3":{"name":"(anonymous_3)","decl":{"start":{"line":49,"column":31},"end":{"line":49,"column":36}},"loc":{"start":{"line":49,"column":42},"end":{"line":56,"column":1}}},"4":{"name":"(anonymous_4)","decl":{"start":{"line":59,"column":10},"end":{"line":59,"column":15}},"loc":{"start":{"line":59,"column":21},"end":{"line":61,"column":1}}},"5":{"name":"(anonymous_5)","decl":{"start":{"line":63,"column":9},"end":{"line":63,"column":14}},"loc":{"start":{"line":63,"column":20},"end":{"line":65,"column":1}}},"6":{"name":"(anonymous_6)","decl":{"start":{"line":67,"column":10},"end":{"line":67,"column":15}},"loc":{"start":{"line":67,"column":21},"end":{"line":69,"column":1}}}},"branchMap":{"0":{"loc":{"start":{"line":13,"column":8},"end":{"line":13,"column":20}},"type":"binary-expr","locations":[{"start":{"line":13,"column":8},"end":{"line":13,"column":12}},{"start":{"line":13,"column":16},"end":{"line":13,"column":20}}]},"1":{"loc":{"start":{"line":23,"column":4},"end":{"line":23,"column":18}},"type":"default-arg","locations":[{"start":{"line":23,"column":16},"end":{"line":23,"column":18}}]},"2":{"loc":{"start":{"line":24,"column":4},"end":{"line":24,"column":27}},"type":"default-arg","locations":[{"start":{"line":24,"column":14},"end":{"line":24,"column":27}}]}},"s":{"0":1,"1":1,"2":1,"3":1,"4":1,"5":5,"6":1,"7":1,"8":1,"9":1,"10":5,"11":1,"12":1,"13":1,"14":6,"15":6,"16":6,"17":6,"18":6,"19":1,"20":1,"21":1,"22":1,"23":1,"24":1,"25":5},"f":{"0":5,"1":1,"2":5,"3":6,"4":1,"5":1,"6":5},"b":{"0":[5,5],"1":[1],"2":[5]}}
,"C:\\Repositories\\social-media-backend\\src\\types\\error.ts": {"path":"C:\\Repositories\\social-media-backend\\src\\types\\error.ts","statementMap":{"0":{"start":{"line":1,"column":13},"end":{"line":10,"column":2}},"1":{"start":{"line":19,"column":4},"end":{"line":19,"column":19}},"2":{"start":{"line":14,"column":11},"end":{"line":14,"column":26}},"3":{"start":{"line":15,"column":11},"end":{"line":15,"column":23}},"4":{"start":{"line":16,"column":11},"end":{"line":16,"column":29}},"5":{"start":{"line":17,"column":11},"end":{"line":17,"column":24}},"6":{"start":{"line":20,"column":4},"end":{"line":20,"column":38}},"7":{"start":{"line":21,"column":4},"end":{"line":21,"column":52}},"8":{"start":{"line":12,"column":0},"end":{"line":12,"column":13}},"9":{"start":{"line":27,"column":4},"end":{"line":27,"column":71}},"10":{"start":{"line":25,"column":0},"end":{"line":25,"column":13}},"11":{"start":{"line":33,"column":4},"end":{"line":33,"column":62}},"12":{"start":{"line":31,"column":0},"end":{"line":31,"column":13}},"13":{"start":{"line":39,"column":4},"end":{"line":39,"column":49}},"14":{"start":{"line":37,"column":0},"end":{"line":37,"column":13}},"15":{"start":{"line":45,"column":4},"end":{"line":45,"column":52}},"16":{"start":{"line":43,"column":0},"end":{"line":43,"column":13}},"17":{"start":{"line":51,"column":4},"end":{"line":51,"column":54}},"18":{"start":{"line":49,"column":0},"end":{"line":49,"column":13}},"19":{"start":{"line":57,"column":4},"end":{"line":57,"column":56}},"20":{"start":{"line":55,"column":0},"end":{"line":55,"column":13}},"21":{"start":{"line":63,"column":4},"end":{"line":63,"column":58}},"22":{"start":{"line":61,"column":0},"end":{"line":61,"column":13}}},"fnMap":{"0":{"name":"(anonymous_0)","decl":{"start":{"line":13,"column":2},"end":{"line":13,"column":null}},"loc":{"start":{"line":17,"column":24},"end":{"line":22,"column":3}}},"1":{"name":"(anonymous_1)","decl":{"start":{"line":26,"column":2},"end":{"line":26,"column":14}},"loc":{"start":{"line":26,"column":45},"end":{"line":28,"column":3}}},"2":{"name":"(anonymous_2)","decl":{"start":{"line":32,"column":2},"end":{"line":32,"column":14}},"loc":{"start":{"line":32,"column":44},"end":{"line":34,"column":3}}},"3":{"name":"(anonymous_3)","decl":{"start":{"line":38,"column":2},"end":{"line":38,"column":14}},"loc":{"start":{"line":38,"column":40},"end":{"line":40,"column":3}}},"4":{"name":"(anonymous_4)","decl":{"start":{"line":44,"column":2},"end":{"line":44,"column":14}},"loc":{"start":{"line":44,"column":43},"end":{"line":46,"column":3}}},"5":{"name":"(anonymous_5)","decl":{"start":{"line":50,"column":2},"end":{"line":50,"column":14}},"loc":{"start":{"line":50,"column":44},"end":{"line":52,"column":3}}},"6":{"name":"(anonymous_6)","decl":{"start":{"line":56,"column":2},"end":{"line":56,"column":14}},"loc":{"start":{"line":56,"column":43},"end":{"line":58,"column":3}}},"7":{"name":"(anonymous_7)","decl":{"start":{"line":62,"column":2},"end":{"line":62,"column":14}},"loc":{"start":{"line":62,"column":47},"end":{"line":64,"column":3}}}},"branchMap":{"0":{"loc":{"start":{"line":38,"column":14},"end":{"line":38,"column":40}},"type":"default-arg","locations":[{"start":{"line":38,"column":24},"end":{"line":38,"column":40}}]},"1":{"loc":{"start":{"line":44,"column":14},"end":{"line":44,"column":43}},"type":"default-arg","locations":[{"start":{"line":44,"column":24},"end":{"line":44,"column":43}}]},"2":{"loc":{"start":{"line":56,"column":14},"end":{"line":56,"column":43}},"type":"default-arg","locations":[{"start":{"line":56,"column":24},"end":{"line":56,"column":43}}]},"3":{"loc":{"start":{"line":62,"column":14},"end":{"line":62,"column":47}},"type":"default-arg","locations":[{"start":{"line":62,"column":24},"end":{"line":62,"column":47}}]}},"s":{"0":1,"1":0,"2":0,"3":0,"4":0,"5":0,"6":0,"7":0,"8":1,"9":0,"10":1,"11":0,"12":1,"13":0,"14":1,"15":0,"16":1,"17":0,"18":1,"19":0,"20":1,"21":0,"22":1},"f":{"0":0,"1":0,"2":0,"3":0,"4":0,"5":0,"6":0,"7":0},"b":{"0":[0],"1":[0],"2":[0],"3":[0]}}
,"C:\\Repositories\\social-media-backend\\src\\utils\\jwt.ts": {"path":"C:\\Repositories\\social-media-backend\\src\\utils\\jwt.ts","statementMap":{"0":{"start":{"line":1,"column":0},"end":{"line":1,"column":31}},"1":{"start":{"line":2,"column":0},"end":{"line":2,"column":34}},"2":{"start":{"line":3,"column":0},"end":{"line":3,"column":39}},"3":{"start":{"line":30,"column":4},"end":{"line":45,"column":5}},"4":{"start":{"line":31,"column":28},"end":{"line":31,"column":66}},"5":{"start":{"line":33,"column":6},"end":{"line":38,"column":9}},"6":{"start":{"line":40,"column":6},"end":{"line":43,"column":9}},"7":{"start":{"line":44,"column":6},"end":{"line":44,"column":65}},"8":{"start":{"line":49,"column":4},"end":{"line":71,"column":5}},"9":{"start":{"line":50,"column":6},"end":{"line":52,"column":7}},"10":{"start":{"line":51,"column":8},"end":{"line":51,"column":45}},"11":{"start":{"line":54,"column":6},"end":{"line":58,"column":23}},"12":{"start":{"line":60,"column":6},"end":{"line":60,"column":57}},"13":{"start":{"line":63,"column":6},"end":{"line":65,"column":7}},"14":{"start":{"line":64,"column":8},"end":{"line":64,"column":56}},"15":{"start":{"line":66,"column":6},"end":{"line":68,"column":7}},"16":{"start":{"line":67,"column":8},"end":{"line":67,"column":56}},"17":{"start":{"line":70,"column":6},"end":{"line":70,"column":60}},"18":{"start":{"line":75,"column":4},"end":{"line":80,"column":5}},"19":{"start":{"line":76,"column":6},"end":{"line":76,"column":45}},"20":{"start":{"line":78,"column":6},"end":{"line":78,"column":50}},"21":{"start":{"line":79,"column":6},"end":{"line":79,"column":18}},"22":{"start":{"line":85,"column":4},"end":{"line":98,"column":5}},"23":{"start":{"line":86,"column":22},"end":{"line":86,"column":45}},"24":{"start":{"line":87,"column":6},"end":{"line":94,"column":8}},"25":{"start":{"line":96,"column":6},"end":{"line":96,"column":54}},"26":{"start":{"line":97,"column":6},"end":{"line":97,"column":49}},"27":{"start":{"line":19,"column":0},"end":{"line":19,"column":13}},"28":{"start":{"line":20,"column":26},"end":{"line":24,"column":4}}},"fnMap":{"0":{"name":"(anonymous_1)","decl":{"start":{"line":26,"column":2},"end":{"line":26,"column":8}},"loc":{"start":{"line":28,"column":30},"end":{"line":46,"column":3}}},"1":{"name":"(anonymous_2)","decl":{"start":{"line":48,"column":2},"end":{"line":48,"column":8}},"loc":{"start":{"line":48,"column":34},"end":{"line":72,"column":3}}},"2":{"name":"(anonymous_3)","decl":{"start":{"line":74,"column":2},"end":{"line":74,"column":8}},"loc":{"start":{"line":74,"column":34},"end":{"line":81,"column":3}}},"3":{"name":"(anonymous_4)","decl":{"start":{"line":84,"column":2},"end":{"line":84,"column":8}},"loc":{"start":{"line":84,"column":55},"end":{"line":99,"column":3}}}},"branchMap":{"0":{"loc":{"start":{"line":28,"column":4},"end":{"line":28,"column":30}},"type":"default-arg","locations":[{"start":{"line":28,"column":28},"end":{"line":28,"column":30}}]},"1":{"loc":{"start":{"line":50,"column":6},"end":{"line":52,"column":7}},"type":"if","locations":[{"start":{"line":50,"column":6},"end":{"line":52,"column":7}}]},"2":{"loc":{"start":{"line":63,"column":6},"end":{"line":65,"column":7}},"type":"if","locations":[{"start":{"line":63,"column":6},"end":{"line":65,"column":7}}]},"3":{"loc":{"start":{"line":66,"column":6},"end":{"line":68,"column":7}},"type":"if","locations":[{"start":{"line":66,"column":6},"end":{"line":68,"column":7}}]},"4":{"loc":{"start":{"line":93,"column":21},"end":{"line":93,"column":63}},"type":"binary-expr","locations":[{"start":{"line":93,"column":21},"end":{"line":93,"column":30}},{"start":{"line":93,"column":34},"end":{"line":93,"column":63}}]},"5":{"loc":{"start":{"line":21,"column":15},"end":{"line":21,"column":42}},"type":"binary-expr","locations":[{"start":{"line":21,"column":15},"end":{"line":21,"column":34}},{"start":{"line":21,"column":38},"end":{"line":21,"column":42}}]},"6":{"loc":{"start":{"line":22,"column":12},"end":{"line":22,"column":47}},"type":"binary-expr","locations":[{"start":{"line":22,"column":12},"end":{"line":22,"column":28}},{"start":{"line":22,"column":32},"end":{"line":22,"column":47}}]},"7":{"loc":{"start":{"line":23,"column":14},"end":{"line":23,"column":53}},"type":"binary-expr","locations":[{"start":{"line":23,"column":14},"end":{"line":23,"column":32}},{"start":{"line":23,"column":36},"end":{"line":23,"column":53}}]}},"s":{"0":1,"1":1,"2":1,"3":0,"4":0,"5":0,"6":0,"7":0,"8":0,"9":0,"10":0,"11":0,"12":0,"13":0,"14":0,"15":0,"16":0,"17":0,"18":0,"19":0,"20":0,"21":0,"22":0,"23":0,"24":0,"25":0,"26":0,"27":1,"28":1},"f":{"0":0,"1":0,"2":0,"3":0},"b":{"0":[0],"1":[0],"2":[0],"3":[0],"4":[0,0],"5":[1,0],"6":[1,1],"7":[1,1]}}
,"C:\\Repositories\\social-media-backend\\src\\utils\\logger.ts": {"path":"C:\\Repositories\\social-media-backend\\src\\utils\\logger.ts","statementMap":{"0":{"start":{"line":1,"column":0},"end":{"line":1,"column":20}},"1":{"start":{"line":2,"column":0},"end":{"line":2,"column":24}},"2":{"start":{"line":3,"column":0},"end":{"line":3,"column":30}},"3":{"start":{"line":4,"column":0},"end":{"line":4,"column":39}},"4":{"start":{"line":7,"column":15},"end":{"line":7,"column":47}},"5":{"start":{"line":8,"column":0},"end":{"line":10,"column":1}},"6":{"start":{"line":9,"column":2},"end":{"line":9,"column":23}},"7":{"start":{"line":12,"column":13},"end":{"line":34,"column":3}},"8":{"start":{"line":37,"column":0},"end":{"line":46,"column":1}},"9":{"start":{"line":38,"column":2},"end":{"line":45,"column":4}}},"fnMap":{},"branchMap":{"0":{"loc":{"start":{"line":8,"column":0},"end":{"line":10,"column":1}},"type":"if","locations":[{"start":{"line":8,"column":0},"end":{"line":10,"column":1}}]},"1":{"loc":{"start":{"line":13,"column":9},"end":{"line":13,"column":59}},"type":"cond-expr","locations":[{"start":{"line":13,"column":43},"end":{"line":13,"column":49}},{"start":{"line":13,"column":52},"end":{"line":13,"column":59}}]},"2":{"loc":{"start":{"line":37,"column":0},"end":{"line":46,"column":1}},"type":"if","locations":[{"start":{"line":37,"column":0},"end":{"line":46,"column":1}}]}},"s":{"0":1,"1":1,"2":1,"3":1,"4":1,"5":1,"6":0,"7":1,"8":1,"9":1},"f":{},"b":{"0":[0],"1":[0,1],"2":[1]}}
}
