TN:
SF:src\config\env.ts
FN:30,(anonymous_1)
FN:31,(anonymous_2)
FNF:2
FNH:2
FNDA:4,(anonymous_1)
FNDA:4,(anonymous_2)
DA:1,1
DA:3,1
DA:5,1
DA:30,4
DA:31,4
LF:5
LH:5
BRDA:6,0,0,1
BRDA:6,0,1,0
BRDA:26,1,0,1
BRDA:26,1,1,0
BRDA:27,2,0,1
BRDA:27,2,1,0
BRDA:28,3,0,1
BRDA:28,3,1,0
BRDA:29,4,0,1
BRDA:29,4,1,0
BRF:10
BRH:5
end_of_record
TN:
SF:src\graphql\schema.ts
FNF:0
FNH:0
DA:1,1
DA:2,1
DA:3,1
DA:5,1
LF:4
LH:4
BRF:0
BRH:0
end_of_record
TN:
SF:src\graphql\resolvers\index.ts
FNF:0
FNH:0
DA:1,1
DA:2,1
DA:3,1
DA:4,1
DA:5,1
DA:7,1
LF:6
LH:6
BRF:0
BRH:0
end_of_record
TN:
SF:src\graphql\resolvers\comment\comment.resolver.ts
FN:10,(anonymous_0)
FN:22,(anonymous_1)
FN:34,(anonymous_2)
FN:53,(anonymous_3)
FN:68,(anonymous_4)
FN:83,(anonymous_5)
FN:98,(anonymous_6)
FN:110,(anonymous_7)
FN:122,(anonymous_8)
FN:138,(anonymous_9)
FNF:10
FNH:0
FNDA:0,(anonymous_0)
FNDA:0,(anonymous_1)
FNDA:0,(anonymous_2)
FNDA:0,(anonymous_3)
FNDA:0,(anonymous_4)
FNDA:0,(anonymous_5)
FNDA:0,(anonymous_6)
FNDA:0,(anonymous_7)
FNDA:0,(anonymous_8)
FNDA:0,(anonymous_9)
DA:1,1
DA:2,1
DA:10,1
DA:11,0
DA:13,1
DA:23,0
DA:24,0
DA:39,0
DA:40,0
DA:54,0
DA:55,0
DA:56,0
DA:69,0
DA:70,0
DA:71,0
DA:84,0
DA:85,0
DA:86,0
DA:99,0
DA:100,0
DA:111,0
DA:112,0
DA:127,0
DA:128,0
DA:139,0
DA:140,0
LF:26
LH:4
BRF:0
BRH:0
end_of_record
TN:
SF:src\graphql\resolvers\like\like.resolver.ts
FN:10,(anonymous_0)
FN:24,(anonymous_1)
FN:43,(anonymous_2)
FN:62,(anonymous_3)
FN:74,(anonymous_4)
FNF:5
FNH:0
FNDA:0,(anonymous_0)
FNDA:0,(anonymous_1)
FNDA:0,(anonymous_2)
FNDA:0,(anonymous_3)
FNDA:0,(anonymous_4)
DA:1,1
DA:2,1
DA:10,1
DA:12,1
DA:29,0
DA:30,0
DA:31,0
DA:48,0
DA:49,0
DA:50,0
DA:63,0
DA:64,0
DA:75,0
DA:76,0
LF:14
LH:4
BRF:0
BRH:0
end_of_record
TN:
SF:src\graphql\resolvers\post\post.resolver.ts
FN:10,(anonymous_0)
FN:22,(anonymous_1)
FN:34,(anonymous_2)
FN:47,(anonymous_3)
FN:67,(anonymous_4)
FN:84,(anonymous_5)
FN:100,(anonymous_6)
FN:115,(anonymous_7)
FN:127,(anonymous_8)
FN:139,(anonymous_9)
FN:151,(anonymous_10)
FN:163,(anonymous_11)
FN:175,(anonymous_12)
FNF:13
FNH:6
FNDA:5,(anonymous_0)
FNDA:2,(anonymous_1)
FNDA:1,(anonymous_2)
FNDA:1,(anonymous_3)
FNDA:1,(anonymous_4)
FNDA:0,(anonymous_5)
FNDA:0,(anonymous_6)
FNDA:1,(anonymous_7)
FNDA:0,(anonymous_8)
FNDA:0,(anonymous_9)
FNDA:0,(anonymous_10)
FNDA:0,(anonymous_11)
FNDA:0,(anonymous_12)
DA:1,1
DA:2,1
DA:10,5
DA:12,1
DA:23,2
DA:24,2
DA:35,1
DA:36,1
DA:52,1
DA:53,1
DA:68,1
DA:69,0
DA:70,0
DA:85,0
DA:86,0
DA:87,0
DA:101,0
DA:102,0
DA:103,0
DA:116,1
DA:117,1
DA:128,0
DA:129,0
DA:140,0
DA:141,0
DA:152,0
DA:153,0
DA:164,0
DA:165,0
DA:176,0
DA:177,0
LF:31
LH:13
BRF:0
BRH:0
end_of_record
TN:
SF:src\graphql\resolvers\rating\rating.resolver.ts
FN:10,(anonymous_0)
FN:27,(anonymous_1)
FN:42,(anonymous_2)
FN:54,(anonymous_3)
FNF:4
FNH:0
FNDA:0,(anonymous_0)
FNDA:0,(anonymous_1)
FNDA:0,(anonymous_2)
FNDA:0,(anonymous_3)
DA:1,1
DA:3,1
DA:10,1
DA:12,1
DA:28,0
DA:29,0
DA:30,0
DA:43,0
DA:44,0
DA:55,0
DA:56,0
LF:11
LH:4
BRF:0
BRH:0
end_of_record
TN:
SF:src\graphql\resolvers\user\user.resolver.ts
FN:10,(anonymous_0)
FN:22,(anonymous_1)
FN:36,(anonymous_2)
FN:50,(anonymous_3)
FN:67,(anonymous_4)
FN:81,(anonymous_5)
FN:96,(anonymous_6)
FN:110,(anonymous_7)
FN:125,(anonymous_8)
FNF:9
FNH:0
FNDA:0,(anonymous_0)
FNDA:0,(anonymous_1)
FNDA:0,(anonymous_2)
FNDA:0,(anonymous_3)
FNDA:0,(anonymous_4)
FNDA:0,(anonymous_5)
FNDA:0,(anonymous_6)
FNDA:0,(anonymous_7)
FNDA:0,(anonymous_8)
DA:1,1
DA:2,1
DA:10,1
DA:12,1
DA:23,0
DA:24,0
DA:25,0
DA:37,0
DA:38,0
DA:51,0
DA:52,0
DA:53,0
DA:68,0
DA:69,0
DA:82,0
DA:83,0
DA:97,0
DA:98,0
DA:99,0
DA:111,0
DA:112,0
DA:113,0
DA:126,0
DA:127,0
LF:24
LH:4
BRF:0
BRH:0
end_of_record
TN:
SF:src\graphql\services\comment.service.ts
FN:15,(anonymous_0)
FN:22,(anonymous_1)
FN:33,(anonymous_2)
FN:54,(anonymous_3)
FN:113,(anonymous_4)
FN:149,(anonymous_5)
FN:175,(anonymous_6)
FN:186,(anonymous_7)
FN:197,(anonymous_8)
FN:209,(anonymous_9)
FN:221,(anonymous_10)
FNF:11
FNH:0
FNDA:0,(anonymous_0)
FNDA:0,(anonymous_1)
FNDA:0,(anonymous_2)
FNDA:0,(anonymous_3)
FNDA:0,(anonymous_4)
FNDA:0,(anonymous_5)
FNDA:0,(anonymous_6)
FNDA:0,(anonymous_7)
FNDA:0,(anonymous_8)
FNDA:0,(anonymous_9)
FNDA:0,(anonymous_10)
DA:1,1
DA:2,1
DA:3,1
DA:5,1
DA:10,1
DA:15,0
DA:23,0
DA:34,0
DA:62,0
DA:63,0
DA:67,0
DA:68,0
DA:73,0
DA:74,0
DA:78,0
DA:79,0
DA:83,0
DA:84,0
DA:90,0
DA:99,0
DA:100,0
DA:119,0
DA:123,0
DA:124,0
DA:129,0
DA:131,0
DA:136,0
DA:137,0
DA:150,0
DA:154,0
DA:155,0
DA:160,0
DA:162,0
DA:166,0
DA:167,0
DA:176,0
DA:187,0
DA:198,0
DA:199,0
DA:210,0
DA:222,0
LF:41
LH:5
BRDA:67,0,0,0
BRDA:73,1,0,0
BRDA:78,2,0,0
BRDA:83,3,0,0
BRDA:123,4,0,0
BRDA:154,5,0,0
BRDA:198,6,0,0
BRF:7
BRH:0
end_of_record
TN:
SF:src\graphql\services\like.service.ts
FN:14,(anonymous_0)
FN:23,(anonymous_1)
FN:67,(anonymous_2)
FN:96,(anonymous_3)
FN:107,(anonymous_4)
FNF:5
FNH:0
FNDA:0,(anonymous_0)
FNDA:0,(anonymous_1)
FNDA:0,(anonymous_2)
FNDA:0,(anonymous_3)
FNDA:0,(anonymous_4)
DA:1,1
DA:2,1
DA:4,1
DA:9,1
DA:14,0
DA:25,0
DA:29,0
DA:30,0
DA:36,0
DA:44,0
DA:45,0
DA:49,0
DA:56,0
DA:57,0
DA:69,0
DA:76,0
DA:77,0
DA:83,0
DA:87,0
DA:88,0
DA:97,0
DA:108,0
LF:22
LH:4
BRDA:29,0,0,0
BRDA:44,1,0,0
BRDA:76,2,0,0
BRF:3
BRH:0
end_of_record
TN:
SF:src\graphql\services\post.service.ts
FN:16,(anonymous_0)
FN:24,(anonymous_1)
FN:42,(anonymous_2)
FN:53,(anonymous_3)
FN:68,(anonymous_4)
FN:94,(anonymous_5)
FN:125,(anonymous_6)
FN:151,(anonymous_7)
FN:162,(anonymous_8)
FN:177,(anonymous_9)
FN:188,(anonymous_10)
FN:199,(anonymous_11)
FN:210,(anonymous_12)
FNF:13
FNH:5
FNDA:5,(anonymous_0)
FNDA:2,(anonymous_1)
FNDA:1,(anonymous_2)
FNDA:1,(anonymous_3)
FNDA:0,(anonymous_4)
FNDA:0,(anonymous_5)
FNDA:0,(anonymous_6)
FNDA:1,(anonymous_7)
FNDA:0,(anonymous_8)
FNDA:0,(anonymous_9)
FNDA:0,(anonymous_10)
FNDA:0,(anonymous_11)
FNDA:0,(anonymous_12)
DA:2,1
DA:3,1
DA:4,1
DA:5,1
DA:11,1
DA:16,5
DA:25,2
DA:29,2
DA:30,1
DA:35,1
DA:43,1
DA:54,1
DA:72,0
DA:80,0
DA:81,0
DA:95,0
DA:99,0
DA:100,0
DA:105,0
DA:107,0
DA:112,0
DA:113,0
DA:126,0
DA:130,0
DA:131,0
DA:136,0
DA:138,0
DA:142,0
DA:143,0
DA:152,1
DA:163,0
DA:178,0
DA:189,0
DA:200,0
DA:211,0
DA:218,0
LF:36
LH:13
BRDA:29,0,0,1
BRDA:99,1,0,0
BRDA:130,2,0,0
BRF:3
BRH:1
end_of_record
TN:
SF:src\graphql\services\rating.service.ts
FN:14,(anonymous_0)
FN:26,(anonymous_1)
FN:84,(anonymous_2)
FN:95,(anonymous_3)
FNF:4
FNH:0
FNDA:0,(anonymous_0)
FNDA:0,(anonymous_1)
FNDA:0,(anonymous_2)
FNDA:0,(anonymous_3)
DA:1,1
DA:2,1
DA:4,1
DA:9,1
DA:14,0
DA:28,0
DA:29,0
DA:35,0
DA:39,0
DA:40,0
DA:46,0
DA:53,0
DA:55,0
DA:60,0
DA:63,0
DA:67,0
DA:75,0
DA:76,0
DA:85,0
DA:96,0
LF:20
LH:4
BRDA:28,0,0,0
BRDA:28,1,0,0
BRDA:28,1,1,0
BRDA:39,2,0,0
BRDA:53,3,0,0
BRF:5
BRH:0
end_of_record
TN:
SF:src\graphql\services\user.service.ts
FN:17,(anonymous_1)
FN:24,(anonymous_2)
FN:35,(anonymous_3)
FN:47,(anonymous_4)
FN:69,(anonymous_5)
FN:131,(anonymous_6)
FN:171,(anonymous_7)
FN:186,(anonymous_8)
FN:200,(anonymous_9)
FNF:9
FNH:0
FNDA:0,(anonymous_1)
FNDA:0,(anonymous_2)
FNDA:0,(anonymous_3)
FNDA:0,(anonymous_4)
FNDA:0,(anonymous_5)
FNDA:0,(anonymous_6)
FNDA:0,(anonymous_7)
FNDA:0,(anonymous_8)
FNDA:0,(anonymous_9)
DA:1,1
DA:2,1
DA:3,1
DA:5,1
DA:6,1
DA:12,1
DA:17,0
DA:25,0
DA:36,0
DA:48,0
DA:49,0
DA:54,0
DA:76,0
DA:79,0
DA:85,0
DA:86,0
DA:95,0
DA:98,0
DA:108,0
DA:111,0
DA:117,0
DA:132,0
DA:136,0
DA:137,0
DA:143,0
DA:144,0
DA:145,0
DA:150,0
DA:153,0
DA:159,0
DA:172,0
DA:177,0
DA:178,0
DA:187,0
DA:191,0
DA:192,0
DA:201,0
LF:37
LH:6
BRDA:48,0,0,0
BRDA:85,1,0,0
BRDA:136,2,0,0
BRDA:144,3,0,0
BRF:4
BRH:0
end_of_record
TN:
SF:src\graphql\type-defs\comment.type-defs.ts
FNF:0
FNH:0
DA:1,1
LF:1
LH:1
BRF:0
BRH:0
end_of_record
TN:
SF:src\graphql\type-defs\index.ts
FNF:0
FNH:0
DA:1,1
DA:2,1
DA:3,1
DA:4,1
DA:5,1
DA:7,1
DA:17,1
LF:7
LH:7
BRF:0
BRH:0
end_of_record
TN:
SF:src\graphql\type-defs\like.type-defs.ts
FNF:0
FNH:0
DA:1,1
LF:1
LH:1
BRF:0
BRH:0
end_of_record
TN:
SF:src\graphql\type-defs\post.type-defs.ts
FNF:0
FNH:0
DA:1,1
LF:1
LH:1
BRF:0
BRH:0
end_of_record
TN:
SF:src\graphql\type-defs\rating.type-defs.ts
FNF:0
FNH:0
DA:1,1
LF:1
LH:1
BRF:0
BRH:0
end_of_record
TN:
SF:src\graphql\type-defs\user.type-defs.ts
FNF:0
FNH:0
DA:1,1
LF:1
LH:1
BRF:0
BRH:0
end_of_record
TN:
SF:src\middleware\auth.middleware.ts
FN:6,(anonymous_0)
FN:15,(anonymous_1)
FN:23,(anonymous_2)
FNF:3
FNH:1
FNDA:1,(anonymous_0)
FNDA:0,(anonymous_1)
FNDA:0,(anonymous_2)
DA:2,1
DA:3,1
DA:5,1
DA:7,1
DA:8,1
DA:12,0
DA:16,0
DA:17,0
DA:24,0
DA:25,0
DA:26,0
DA:30,0
LF:12
LH:5
BRDA:7,0,0,1
BRDA:16,1,0,0
BRDA:16,2,0,0
BRDA:16,2,1,0
BRDA:25,3,0,0
BRF:5
BRH:1
end_of_record
TN:
SF:src\tests\test-utils.ts
FN:11,(anonymous_0)
FN:17,(anonymous_1)
FN:21,(anonymous_2)
FN:49,(anonymous_3)
FN:59,(anonymous_4)
FN:63,(anonymous_5)
FN:67,(anonymous_6)
FNF:7
FNH:7
FNDA:5,(anonymous_0)
FNDA:1,(anonymous_1)
FNDA:5,(anonymous_2)
FNDA:6,(anonymous_3)
FNDA:1,(anonymous_4)
FNDA:1,(anonymous_5)
FNDA:5,(anonymous_6)
DA:2,1
DA:3,1
DA:4,1
DA:8,1
DA:11,5
DA:17,1
DA:18,1
DA:21,1
DA:30,5
DA:41,1
DA:49,1
DA:51,6
DA:52,6
DA:53,6
DA:54,6
DA:55,6
DA:59,1
DA:60,1
DA:63,1
DA:64,1
DA:67,1
DA:68,5
LF:22
LH:22
BRDA:13,0,0,5
BRDA:13,0,1,5
BRDA:23,1,0,1
BRDA:24,2,0,5
BRF:4
BRH:4
end_of_record
TN:
SF:src\types\error.ts
FN:13,(anonymous_0)
FN:26,(anonymous_1)
FN:32,(anonymous_2)
FN:38,(anonymous_3)
FN:44,(anonymous_4)
FN:50,(anonymous_5)
FN:56,(anonymous_6)
FN:62,(anonymous_7)
FNF:8
FNH:0
FNDA:0,(anonymous_0)
FNDA:0,(anonymous_1)
FNDA:0,(anonymous_2)
FNDA:0,(anonymous_3)
FNDA:0,(anonymous_4)
FNDA:0,(anonymous_5)
FNDA:0,(anonymous_6)
FNDA:0,(anonymous_7)
DA:1,1
DA:12,1
DA:14,0
DA:15,0
DA:16,0
DA:17,0
DA:19,0
DA:20,0
DA:21,0
DA:25,1
DA:27,0
DA:31,1
DA:33,0
DA:37,1
DA:39,0
DA:43,1
DA:45,0
DA:49,1
DA:51,0
DA:55,1
DA:57,0
DA:61,1
DA:63,0
LF:23
LH:9
BRDA:38,0,0,0
BRDA:44,1,0,0
BRDA:56,2,0,0
BRDA:62,3,0,0
BRF:4
BRH:0
end_of_record
TN:
SF:src\utils\jwt.ts
FN:26,(anonymous_1)
FN:48,(anonymous_2)
FN:74,(anonymous_3)
FN:84,(anonymous_4)
FNF:4
FNH:0
FNDA:0,(anonymous_1)
FNDA:0,(anonymous_2)
FNDA:0,(anonymous_3)
FNDA:0,(anonymous_4)
DA:1,1
DA:2,1
DA:3,1
DA:19,1
DA:20,1
DA:30,0
DA:31,0
DA:33,0
DA:40,0
DA:44,0
DA:49,0
DA:50,0
DA:51,0
DA:54,0
DA:60,0
DA:63,0
DA:64,0
DA:66,0
DA:67,0
DA:70,0
DA:75,0
DA:76,0
DA:78,0
DA:79,0
DA:85,0
DA:86,0
DA:87,0
DA:96,0
DA:97,0
LF:29
LH:5
BRDA:28,0,0,0
BRDA:50,1,0,0
BRDA:63,2,0,0
BRDA:66,3,0,0
BRDA:93,4,0,0
BRDA:93,4,1,0
BRDA:21,5,0,1
BRDA:21,5,1,0
BRDA:22,6,0,1
BRDA:22,6,1,1
BRDA:23,7,0,1
BRDA:23,7,1,1
BRF:12
BRH:5
end_of_record
TN:
SF:src\utils\logger.ts
FNF:0
FNH:0
DA:1,1
DA:2,1
DA:3,1
DA:4,1
DA:7,1
DA:8,1
DA:9,0
DA:12,1
DA:37,1
DA:38,1
LF:10
LH:9
BRDA:8,0,0,0
BRDA:13,1,0,0
BRDA:13,1,1,1
BRDA:37,2,0,1
BRF:4
BRH:2
end_of_record
